2021-10-06 14:06:34 [INFO] [org.springframework.boot.StartupInfoLogger:48] - Starting App on localhost with PID 12328 (/Users/raines/Desktop/my/intersting/staticResServer/target/classes started by raines in /Users/raines/Desktop/my/intersting/staticResServer) 
2021-10-06 14:06:34 [INFO] [org.springframework.boot.SpringApplication:637] - No active profile set, falling back to default profiles: default 
2021-10-06 14:06:48 [INFO] [org.springframework.boot.StartupInfoLogger:48] - Starting App on localhost with PID 12335 (/Users/raines/Desktop/my/intersting/staticResServer/target/classes started by raines in /Users/raines/Desktop/my/intersting/staticResServer) 
2021-10-06 14:06:48 [INFO] [org.springframework.boot.SpringApplication:637] - No active profile set, falling back to default profiles: default 
2021-10-06 14:09:09 [INFO] [org.springframework.boot.StartupInfoLogger:48] - Starting App on localhost with PID 12395 (/Users/raines/Desktop/my/intersting/staticResServer/target/classes started by raines in /Users/raines/Desktop/my/intersting/staticResServer) 
2021-10-06 14:09:09 [INFO] [org.springframework.boot.SpringApplication:637] - No active profile set, falling back to default profiles: default 
2021-10-06 14:10:06 [INFO] [org.springframework.boot.StartupInfoLogger:48] - Starting App on localhost with PID 12409 (/Users/raines/Desktop/my/intersting/staticResServer/target/classes started by raines in /Users/raines/Desktop/my/intersting/staticResServer) 
2021-10-06 14:10:06 [INFO] [org.springframework.boot.SpringApplication:637] - No active profile set, falling back to default profiles: default 
2021-10-06 14:11:32 [INFO] [org.springframework.boot.StartupInfoLogger:48] - Starting App on localhost with PID 12434 (/Users/raines/Desktop/my/intersting/staticResServer/target/classes started by raines in /Users/raines/Desktop/my/intersting/staticResServer) 
2021-10-06 14:11:32 [INFO] [org.springframework.boot.SpringApplication:637] - No active profile set, falling back to default profiles: default 
2021-10-06 14:13:00 [INFO] [org.springframework.boot.StartupInfoLogger:48] - Starting App on localhost with PID 12469 (/Users/raines/Desktop/my/intersting/staticResServer/target/classes started by raines in /Users/raines/Desktop/my/intersting/staticResServer) 
2021-10-06 14:13:00 [INFO] [org.springframework.boot.SpringApplication:637] - No active profile set, falling back to default profiles: default 
2021-10-06 14:14:28 [INFO] [org.springframework.boot.StartupInfoLogger:48] - Starting App on localhost with PID 12514 (/Users/raines/Desktop/my/intersting/staticResServer/target/classes started by raines in /Users/raines/Desktop/my/intersting/staticResServer) 
2021-10-06 14:14:28 [INFO] [org.springframework.boot.SpringApplication:637] - No active profile set, falling back to default profiles: default 
2021-10-06 14:20:25 [INFO] [org.springframework.boot.StartupInfoLogger:48] - Starting App on localhost with PID 12622 (/Users/raines/Desktop/my/intersting/staticResServer/target/classes started by raines in /Users/raines/Desktop/my/intersting/staticResServer) 
2021-10-06 14:20:25 [INFO] [org.springframework.boot.SpringApplication:637] - No active profile set, falling back to default profiles: default 
2021-10-06 14:21:49 [INFO] [org.springframework.boot.StartupInfoLogger:48] - Starting App on localhost with PID 12660 (/Users/raines/Desktop/my/intersting/staticResServer/target/classes started by raines in /Users/raines/Desktop/my/intersting/staticResServer) 
2021-10-06 14:21:49 [INFO] [org.springframework.boot.SpringApplication:637] - No active profile set, falling back to default profiles: default 
2021-10-06 14:23:43 [INFO] [org.springframework.boot.StartupInfoLogger:48] - Starting App on localhost with PID 12732 (/Users/raines/Desktop/my/intersting/staticResServer/target/classes started by raines in /Users/raines/Desktop/my/intersting/staticResServer) 
2021-10-06 14:23:43 [INFO] [org.springframework.boot.SpringApplication:637] - No active profile set, falling back to default profiles: default 
2021-10-06 14:24:30 [INFO] [org.springframework.boot.StartupInfoLogger:48] - Starting App on localhost with PID 12760 (/Users/raines/Desktop/my/intersting/staticResServer/target/classes started by raines in /Users/raines/Desktop/my/intersting/staticResServer) 
2021-10-06 14:24:30 [INFO] [org.springframework.boot.SpringApplication:637] - No active profile set, falling back to default profiles: default 
2021-10-06 14:26:23 [INFO] [org.springframework.boot.StartupInfoLogger:48] - Starting App on localhost with PID 12832 (/Users/raines/Desktop/my/intersting/staticResServer/target/classes started by raines in /Users/raines/Desktop/my/intersting/staticResServer) 
2021-10-06 14:26:23 [INFO] [org.springframework.boot.SpringApplication:637] - No active profile set, falling back to default profiles: default 
2021-10-06 14:26:28 [INFO] [org.springframework.boot.StartupInfoLogger:48] - Starting App on localhost with PID 12844 (/Users/raines/Desktop/my/intersting/staticResServer/target/classes started by raines in /Users/raines/Desktop/my/intersting/staticResServer) 
2021-10-06 14:26:28 [INFO] [org.springframework.boot.SpringApplication:637] - No active profile set, falling back to default profiles: default 
2021-10-06 14:28:41 [INFO] [org.springframework.boot.StartupInfoLogger:48] - Starting App on localhost with PID 12875 (/Users/raines/Desktop/my/intersting/staticResServer/target/classes started by raines in /Users/raines/Desktop/my/intersting/staticResServer) 
2021-10-06 14:28:41 [INFO] [org.springframework.boot.SpringApplication:637] - No active profile set, falling back to default profiles: default 
2021-10-06 14:30:18 [INFO] [org.springframework.boot.StartupInfoLogger:48] - Starting App on localhost with PID 12905 (/Users/raines/Desktop/my/intersting/staticResServer/target/classes started by raines in /Users/raines/Desktop/my/intersting/staticResServer) 
2021-10-06 14:30:18 [INFO] [org.springframework.boot.SpringApplication:637] - No active profile set, falling back to default profiles: default 
2021-10-06 14:31:09 [INFO] [org.springframework.boot.StartupInfoLogger:48] - Starting App on localhost with PID 12920 (/Users/raines/Desktop/my/intersting/staticResServer/target/classes started by raines in /Users/raines/Desktop/my/intersting/staticResServer) 
2021-10-06 14:31:09 [INFO] [org.springframework.boot.SpringApplication:637] - No active profile set, falling back to default profiles: default 
2021-10-06 14:31:58 [INFO] [org.springframework.boot.StartupInfoLogger:48] - Starting App on localhost with PID 12945 (/Users/raines/Desktop/my/intersting/staticResServer/target/classes started by raines in /Users/raines/Desktop/my/intersting/staticResServer) 
2021-10-06 14:31:58 [INFO] [org.springframework.boot.SpringApplication:637] - No active profile set, falling back to default profiles: default 
2021-10-06 14:41:52 [INFO] [org.springframework.boot.StartupInfoLogger:48] - Starting App on localhost with PID 13116 (/Users/raines/Desktop/my/intersting/staticResServer/target/classes started by raines in /Users/raines/Desktop/my/intersting/staticResServer) 
2021-10-06 14:41:52 [INFO] [org.springframework.boot.SpringApplication:637] - No active profile set, falling back to default profiles: default 
2021-10-06 14:44:06 [INFO] [org.springframework.boot.StartupInfoLogger:48] - Starting App on localhost with PID 13160 (/Users/raines/Desktop/my/intersting/staticResServer/target/classes started by raines in /Users/raines/Desktop/my/intersting/staticResServer) 
2021-10-06 14:44:06 [INFO] [org.springframework.boot.SpringApplication:637] - No active profile set, falling back to default profiles: default 
2021-10-06 14:44:08 [INFO] [com.ice.statics.runner.ZipFileRunner:26] - 文件打包定时任务启动~~~ 
2021-10-06 14:44:08 [INFO] [org.springframework.boot.StartupInfoLogger:57] - Started App in 2.15 seconds (JVM running for 2.718) 
2021-10-06 14:56:50 [INFO] [org.springframework.boot.StartupInfoLogger:48] - Starting App on localhost with PID 13382 (/Users/raines/Desktop/my/intersting/staticResServer/target/classes started by raines in /Users/raines/Desktop/my/intersting/staticResServer) 
2021-10-06 14:56:50 [INFO] [org.springframework.boot.SpringApplication:637] - No active profile set, falling back to default profiles: default 
2021-10-06 14:56:51 [INFO] [com.ice.statics.runner.ZipFileRunner:26] - 文件打包定时任务启动~~~ 
2021-10-06 14:56:51 [INFO] [org.springframework.boot.StartupInfoLogger:57] - Started App in 1.867 seconds (JVM running for 2.374) 
2021-10-06 14:59:38 [INFO] [org.springframework.boot.StartupInfoLogger:48] - Starting App on localhost with PID 13440 (/Users/raines/Desktop/my/intersting/staticResServer/target/classes started by raines in /Users/raines/Desktop/my/intersting/staticResServer) 
2021-10-06 14:59:38 [INFO] [org.springframework.boot.SpringApplication:637] - No active profile set, falling back to default profiles: default 
2021-10-06 14:59:39 [INFO] [com.ice.statics.runner.ZipFileRunner:26] - 文件打包定时任务启动~~~ 
2021-10-06 14:59:39 [INFO] [org.springframework.boot.StartupInfoLogger:57] - Started App in 2.071 seconds (JVM running for 2.853) 
2021-10-06 15:00:05 [INFO] [org.springframework.boot.StartupInfoLogger:48] - Starting App on localhost with PID 13451 (/Users/raines/Desktop/my/intersting/staticResServer/target/classes started by raines in /Users/raines/Desktop/my/intersting/staticResServer) 
2021-10-06 15:00:05 [INFO] [org.springframework.boot.SpringApplication:637] - No active profile set, falling back to default profiles: default 
2021-10-06 15:00:06 [INFO] [com.ice.statics.runner.ZipFileRunner:26] - 文件打包定时任务启动~~~ 
2021-10-06 15:00:06 [INFO] [org.springframework.boot.StartupInfoLogger:57] - Started App in 1.855 seconds (JVM running for 2.304) 
2021-10-06 15:07:27 [INFO] [org.springframework.boot.StartupInfoLogger:48] - Starting App on localhost with PID 13662 (/Users/raines/Desktop/my/intersting/staticResServer/target/classes started by raines in /Users/raines/Desktop/my/intersting/staticResServer) 
2021-10-06 15:07:27 [INFO] [org.springframework.boot.SpringApplication:637] - No active profile set, falling back to default profiles: default 
2021-10-06 15:07:28 [INFO] [com.ice.statics.runner.ZipFileRunner:26] - 文件打包定时任务启动~~~ 
2021-10-06 15:07:28 [INFO] [org.springframework.boot.StartupInfoLogger:57] - Started App in 1.927 seconds (JVM running for 2.415) 
2021-10-06 16:26:26 [INFO] [org.springframework.boot.StartupInfoLogger:48] - Starting App on localhost with PID 15140 (/Users/raines/Desktop/my/intersting/staticResServer/target/classes started by raines in /Users/raines/Desktop/my/intersting/staticResServer) 
2021-10-06 16:26:26 [INFO] [org.springframework.boot.SpringApplication:637] - No active profile set, falling back to default profiles: default 
2021-10-06 16:26:28 [INFO] [com.ice.statics.runner.ZipFileRunner:26] - 文件打包定时任务启动~~~ 
2021-10-06 16:26:28 [INFO] [org.springframework.boot.StartupInfoLogger:57] - Started App in 1.874 seconds (JVM running for 2.433) 
2021-10-06 16:42:37 [INFO] [org.springframework.boot.StartupInfoLogger:48] - Starting App on localhost with PID 15414 (/Users/raines/Desktop/my/intersting/staticResServer/target/classes started by raines in /Users/raines/Desktop/my/intersting/staticResServer) 
2021-10-06 16:42:37 [INFO] [org.springframework.boot.SpringApplication:637] - No active profile set, falling back to default profiles: default 
2021-10-06 16:42:39 [INFO] [com.ice.statics.runner.ZipFileRunner:26] - 文件打包定时任务启动~~~ 
2021-10-06 16:42:39 [INFO] [org.springframework.boot.StartupInfoLogger:57] - Started App in 2.035 seconds (JVM running for 2.525) 
2021-10-06 16:43:23 [INFO] [org.springframework.boot.StartupInfoLogger:48] - Starting App on localhost with PID 15437 (/Users/raines/Desktop/my/intersting/staticResServer/target/classes started by raines in /Users/raines/Desktop/my/intersting/staticResServer) 
2021-10-06 16:43:23 [INFO] [org.springframework.boot.SpringApplication:637] - No active profile set, falling back to default profiles: default 
2021-10-06 16:43:24 [INFO] [com.ice.statics.runner.ZipFileRunner:26] - 文件打包定时任务启动~~~ 
2021-10-06 16:43:24 [INFO] [org.springframework.boot.StartupInfoLogger:57] - Started App in 2.063 seconds (JVM running for 2.601) 
2021-10-06 16:46:43 [INFO] [org.springframework.boot.StartupInfoLogger:48] - Starting App on localhost with PID 15494 (/Users/raines/Desktop/my/intersting/staticResServer/target/classes started by raines in /Users/raines/Desktop/my/intersting/staticResServer) 
2021-10-06 16:46:43 [INFO] [org.springframework.boot.SpringApplication:637] - No active profile set, falling back to default profiles: default 
2021-10-06 16:46:45 [INFO] [com.ice.statics.runner.ZipFileRunner:26] - 文件打包定时任务启动~~~ 
2021-10-06 16:46:45 [INFO] [org.springframework.boot.StartupInfoLogger:57] - Started App in 1.839 seconds (JVM running for 2.356) 
2021-10-06 16:47:01 [INFO] [org.springframework.boot.StartupInfoLogger:48] - Starting App on localhost with PID 15500 (/Users/raines/Desktop/my/intersting/staticResServer/target/classes started by raines in /Users/raines/Desktop/my/intersting/staticResServer) 
2021-10-06 16:47:01 [INFO] [org.springframework.boot.SpringApplication:637] - No active profile set, falling back to default profiles: default 
2021-10-06 16:47:03 [INFO] [com.ice.statics.runner.ZipFileRunner:26] - 文件打包定时任务启动~~~ 
2021-10-06 16:47:03 [INFO] [org.springframework.boot.StartupInfoLogger:57] - Started App in 1.747 seconds (JVM running for 2.243) 
2021-10-06 16:56:19 [INFO] [org.springframework.boot.StartupInfoLogger:48] - Starting App on localhost with PID 15685 (/Users/raines/Desktop/my/intersting/staticResServer/target/classes started by raines in /Users/raines/Desktop/my/intersting/staticResServer) 
2021-10-06 16:56:19 [INFO] [org.springframework.boot.SpringApplication:637] - No active profile set, falling back to default profiles: default 
2021-10-06 16:56:21 [INFO] [com.ice.statics.runner.ZipFileRunner:26] - 文件打包定时任务启动~~~ 
2021-10-06 16:56:21 [INFO] [org.springframework.boot.StartupInfoLogger:57] - Started App in 1.955 seconds (JVM running for 2.473) 
2021-10-06 16:57:03 [INFO] [com.ice.statics.timer.ZipFileJob:33] - 开始打包文件~~~ 
2021-10-06 16:57:03 [INFO] [com.ice.statics.timer.ZipFileJob:37] - 文件打包完成~~~ 
2021-10-06 17:01:41 [INFO] [org.springframework.boot.StartupInfoLogger:48] - Starting App on localhost with PID 15807 (/Users/raines/Desktop/my/intersting/staticResServer/target/classes started by raines in /Users/raines/Desktop/my/intersting/staticResServer) 
2021-10-06 17:01:41 [INFO] [org.springframework.boot.SpringApplication:641] - The following profiles are active: pro 
2021-10-06 17:01:42 [INFO] [com.ice.statics.runner.ZipFileRunner:26] - 文件打包定时任务启动~~~ 
2021-10-06 17:01:42 [INFO] [org.springframework.boot.StartupInfoLogger:57] - Started App in 2.039 seconds (JVM running for 2.557) 
2021-10-06 17:02:26 [INFO] [org.springframework.boot.StartupInfoLogger:48] - Starting App on localhost with PID 15822 (/Users/raines/Desktop/my/intersting/staticResServer/target/classes started by raines in /Users/raines/Desktop/my/intersting/staticResServer) 
2021-10-06 17:02:26 [INFO] [org.springframework.boot.SpringApplication:641] - The following profiles are active: local 
2021-10-06 17:02:27 [INFO] [com.ice.statics.runner.ZipFileRunner:26] - 文件打包定时任务启动~~~ 
2021-10-06 17:02:27 [INFO] [org.springframework.boot.StartupInfoLogger:57] - Started App in 1.961 seconds (JVM running for 2.473) 
2021-10-06 17:07:39 [INFO] [org.springframework.boot.StartupInfoLogger:48] - Starting App on localhost with PID 15917 (/Users/raines/Desktop/my/intersting/staticResServer/target/classes started by raines in /Users/raines/Desktop/my/intersting/staticResServer) 
2021-10-06 17:07:39 [INFO] [org.springframework.boot.SpringApplication:641] - The following profiles are active: local 
2021-10-06 17:07:40 [INFO] [com.ice.statics.runner.ZipFileRunner:26] - 文件打包定时任务启动~~~ 
2021-10-06 17:07:40 [INFO] [org.springframework.boot.StartupInfoLogger:57] - Started App in 1.922 seconds (JVM running for 2.45) 
2021-10-06 17:08:03 [INFO] [com.ice.statics.timer.ZipFileJob:33] - 开始打包文件~~~ 
2021-10-06 17:08:03 [INFO] [com.ice.statics.timer.ZipFileJob:37] - 文件打包完成~~~ 
2021-10-06 17:08:44 [INFO] [org.springframework.boot.StartupInfoLogger:48] - Starting App on localhost with PID 15951 (/Users/raines/Desktop/my/intersting/staticResServer/target/classes started by raines in /Users/raines/Desktop/my/intersting/staticResServer) 
2021-10-06 17:08:44 [INFO] [org.springframework.boot.SpringApplication:641] - The following profiles are active: local 
2021-10-06 17:08:45 [INFO] [com.ice.statics.runner.ZipFileRunner:26] - 文件打包定时任务启动~~~ 
2021-10-06 17:08:45 [INFO] [org.springframework.boot.StartupInfoLogger:57] - Started App in 2.036 seconds (JVM running for 2.531) 
2021-10-06 17:10:36 [INFO] [org.springframework.boot.StartupInfoLogger:48] - Starting App on localhost with PID 16006 (/Users/raines/Desktop/my/intersting/staticResServer/target/classes started by raines in /Users/raines/Desktop/my/intersting/staticResServer) 
2021-10-06 17:10:36 [INFO] [org.springframework.boot.SpringApplication:641] - The following profiles are active: local 
2021-10-06 17:10:38 [INFO] [com.ice.statics.runner.ZipFileRunner:26] - 文件打包定时任务启动~~~ 
2021-10-06 17:10:38 [INFO] [org.springframework.boot.StartupInfoLogger:57] - Started App in 1.959 seconds (JVM running for 2.47) 
2021-10-06 17:11:03 [INFO] [com.ice.statics.timer.ZipFileJob:33] - 开始打包文件~~~ 
2021-10-06 17:11:03 [INFO] [com.ice.statics.timer.ZipFileJob:37] - 文件打包完成~~~ 
2021-10-06 17:18:16 [INFO] [org.springframework.boot.StartupInfoLogger:48] - Starting App on localhost with PID 16144 (/Users/raines/Desktop/my/intersting/staticResServer/target/classes started by raines in /Users/raines/Desktop/my/intersting/staticResServer) 
2021-10-06 17:18:16 [INFO] [org.springframework.boot.SpringApplication:641] - The following profiles are active: local 
2021-10-06 17:18:18 [INFO] [com.ice.statics.runner.ZipFileRunner:26] - 文件打包定时任务启动~~~ 
2021-10-06 17:18:18 [INFO] [org.springframework.boot.StartupInfoLogger:57] - Started App in 1.915 seconds (JVM running for 2.399) 
2021-10-06 17:19:03 [INFO] [com.ice.statics.timer.ZipFileJob:33] - 开始打包文件~~~ 
2021-10-06 17:19:03 [INFO] [com.ice.statics.timer.ZipFileJob:37] - 文件打包完成~~~ 
2021-10-06 17:19:45 [INFO] [org.springframework.boot.StartupInfoLogger:48] - Starting App on localhost with PID 16169 (/Users/raines/Desktop/my/intersting/staticResServer/target/classes started by raines in /Users/raines/Desktop/my/intersting/staticResServer) 
2021-10-06 17:19:45 [INFO] [org.springframework.boot.SpringApplication:641] - The following profiles are active: local 
2021-10-06 17:19:47 [INFO] [com.ice.statics.runner.ZipFileRunner:26] - 文件打包定时任务启动~~~ 
2021-10-06 17:19:47 [INFO] [org.springframework.boot.StartupInfoLogger:57] - Started App in 2.345 seconds (JVM running for 2.897) 
2021-10-06 17:20:03 [INFO] [com.ice.statics.timer.ZipFileJob:33] - 开始打包文件~~~ 
2021-10-06 17:20:03 [INFO] [com.ice.statics.timer.ZipFileJob:37] - 文件打包完成~~~ 
2021-10-06 17:21:03 [INFO] [com.ice.statics.timer.ZipFileJob:33] - 开始打包文件~~~ 
2021-10-06 17:21:03 [INFO] [com.ice.statics.timer.ZipFileJob:37] - 文件打包完成~~~ 
2021-10-06 17:22:41 [INFO] [org.springframework.boot.StartupInfoLogger:48] - Starting App on localhost with PID 16215 (/Users/raines/Desktop/my/intersting/staticResServer/target/classes started by raines in /Users/raines/Desktop/my/intersting/staticResServer) 
2021-10-06 17:22:41 [INFO] [org.springframework.boot.SpringApplication:641] - The following profiles are active: local 
2021-10-06 17:22:43 [INFO] [com.ice.statics.runner.ZipFileRunner:26] - 文件打包定时任务启动~~~ 
2021-10-06 17:22:43 [INFO] [org.springframework.boot.StartupInfoLogger:57] - Started App in 2.062 seconds (JVM running for 2.608) 
2021-10-06 17:23:03 [INFO] [com.ice.statics.timer.ZipFileJob:33] - 开始打包文件~~~ 
2021-10-06 17:23:03 [INFO] [com.ice.statics.timer.ZipFileJob:37] - 文件打包完成~~~ 
2021-10-06 17:24:03 [INFO] [com.ice.statics.timer.ZipFileJob:33] - 开始打包文件~~~ 
2021-10-06 17:24:03 [INFO] [com.ice.statics.timer.ZipFileJob:37] - 文件打包完成~~~ 
2021-10-06 17:24:55 [INFO] [org.springframework.boot.StartupInfoLogger:48] - Starting App on localhost with PID 16267 (/Users/raines/Desktop/my/intersting/staticResServer/target/classes started by raines in /Users/raines/Desktop/my/intersting/staticResServer) 
2021-10-06 17:24:55 [INFO] [org.springframework.boot.SpringApplication:641] - The following profiles are active: local 
2021-10-06 17:24:56 [INFO] [com.ice.statics.runner.ZipFileRunner:26] - 文件打包定时任务启动~~~ 
2021-10-06 17:24:56 [INFO] [org.springframework.boot.StartupInfoLogger:57] - Started App in 2.154 seconds (JVM running for 2.746) 
2021-10-06 17:25:04 [INFO] [org.springframework.boot.StartupInfoLogger:48] - Starting App on localhost with PID 16275 (/Users/raines/Desktop/my/intersting/staticResServer/target/classes started by raines in /Users/raines/Desktop/my/intersting/staticResServer) 
2021-10-06 17:25:04 [INFO] [org.springframework.boot.SpringApplication:641] - The following profiles are active: local 
2021-10-06 17:25:06 [INFO] [com.ice.statics.runner.ZipFileRunner:26] - 文件打包定时任务启动~~~ 
2021-10-06 17:25:06 [INFO] [org.springframework.boot.StartupInfoLogger:57] - Started App in 2.162 seconds (JVM running for 2.76) 
2021-10-06 17:25:11 [INFO] [org.springframework.boot.StartupInfoLogger:48] - Starting App on localhost with PID 16280 (/Users/raines/Desktop/my/intersting/staticResServer/target/classes started by raines in /Users/raines/Desktop/my/intersting/staticResServer) 
2021-10-06 17:25:11 [INFO] [org.springframework.boot.SpringApplication:641] - The following profiles are active: local 
2021-10-06 17:25:13 [INFO] [com.ice.statics.runner.ZipFileRunner:26] - 文件打包定时任务启动~~~ 
2021-10-06 17:25:13 [INFO] [org.springframework.boot.StartupInfoLogger:57] - Started App in 1.962 seconds (JVM running for 2.475) 
2021-10-06 17:26:01 [INFO] [com.ice.statics.timer.ZipFileJob:33] - 开始打包文件~~~ 
2021-10-06 17:26:01 [INFO] [com.ice.statics.timer.ZipFileJob:37] - 文件打包完成~~~ 
2021-10-06 17:26:58 [INFO] [org.springframework.boot.StartupInfoLogger:48] - Starting App on localhost with PID 16312 (/Users/raines/Desktop/my/intersting/staticResServer/target/classes started by raines in /Users/raines/Desktop/my/intersting/staticResServer) 
2021-10-06 17:26:58 [INFO] [org.springframework.boot.SpringApplication:641] - The following profiles are active: local 
2021-10-06 17:27:00 [INFO] [com.ice.statics.runner.ZipFileRunner:26] - 文件打包定时任务启动~~~ 
2021-10-06 17:27:00 [INFO] [org.springframework.boot.StartupInfoLogger:57] - Started App in 1.897 seconds (JVM running for 2.427) 
2021-10-06 17:27:01 [INFO] [com.ice.statics.timer.ZipFileJob:33] - 开始打包文件~~~ 
2021-10-06 17:27:01 [INFO] [com.ice.statics.timer.ZipFileJob:37] - 文件打包完成~~~ 
2021-10-06 17:27:47 [INFO] [org.springframework.boot.StartupInfoLogger:48] - Starting App on localhost with PID 16331 (/Users/raines/Desktop/my/intersting/staticResServer/target/classes started by raines in /Users/raines/Desktop/my/intersting/staticResServer) 
2021-10-06 17:27:47 [INFO] [org.springframework.boot.SpringApplication:641] - The following profiles are active: local 
2021-10-06 17:27:48 [INFO] [com.ice.statics.runner.ZipFileRunner:26] - 文件打包定时任务启动~~~ 
2021-10-06 17:27:48 [INFO] [org.springframework.boot.StartupInfoLogger:57] - Started App in 1.871 seconds (JVM running for 2.378) 
2021-10-06 17:28:01 [INFO] [com.ice.statics.timer.ZipFileJob:33] - 开始打包文件~~~ 
2021-10-06 17:28:01 [INFO] [com.ice.statics.timer.ZipFileJob:37] - 文件打包完成~~~ 
2021-10-06 17:28:31 [INFO] [org.springframework.boot.StartupInfoLogger:48] - Starting App on localhost with PID 16349 (/Users/raines/Desktop/my/intersting/staticResServer/target/classes started by raines in /Users/raines/Desktop/my/intersting/staticResServer) 
2021-10-06 17:28:31 [INFO] [org.springframework.boot.SpringApplication:641] - The following profiles are active: local 
2021-10-06 17:28:32 [INFO] [com.ice.statics.runner.ZipFileRunner:26] - 文件打包定时任务启动~~~ 
2021-10-06 17:28:32 [INFO] [org.springframework.boot.StartupInfoLogger:57] - Started App in 1.845 seconds (JVM running for 2.323) 
2021-10-06 17:29:01 [INFO] [com.ice.statics.timer.ZipFileJob:33] - 开始打包文件~~~ 
2021-10-06 17:29:01 [INFO] [com.ice.statics.timer.ZipFileJob:37] - 文件打包完成~~~ 
2021-10-06 17:29:06 [INFO] [org.springframework.boot.StartupInfoLogger:48] - Starting App on localhost with PID 16360 (/Users/raines/Desktop/my/intersting/staticResServer/target/classes started by raines in /Users/raines/Desktop/my/intersting/staticResServer) 
2021-10-06 17:29:06 [INFO] [org.springframework.boot.SpringApplication:641] - The following profiles are active: local 
2021-10-06 17:29:10 [INFO] [org.springframework.boot.StartupInfoLogger:48] - Starting App on localhost with PID 16363 (/Users/raines/Desktop/my/intersting/staticResServer/target/classes started by raines in /Users/raines/Desktop/my/intersting/staticResServer) 
2021-10-06 17:29:10 [INFO] [org.springframework.boot.SpringApplication:641] - The following profiles are active: local 
2021-10-06 17:29:11 [INFO] [com.ice.statics.runner.ZipFileRunner:26] - 文件打包定时任务启动~~~ 
2021-10-06 17:29:11 [INFO] [org.springframework.boot.StartupInfoLogger:57] - Started App in 1.941 seconds (JVM running for 2.401) 
2021-10-06 17:31:49 [INFO] [org.springframework.boot.StartupInfoLogger:48] - Starting App on localhost with PID 16404 (/Users/raines/Desktop/my/intersting/staticResServer/target/classes started by raines in /Users/raines/Desktop/my/intersting/staticResServer) 
2021-10-06 17:31:49 [INFO] [org.springframework.boot.SpringApplication:641] - The following profiles are active: local 
2021-10-06 17:31:51 [INFO] [com.ice.statics.runner.ZipFileRunner:26] - 文件打包定时任务启动~~~ 
2021-10-06 17:31:51 [INFO] [org.springframework.boot.StartupInfoLogger:57] - Started App in 1.965 seconds (JVM running for 2.481) 
2021-10-06 17:32:01 [INFO] [com.ice.statics.timer.ZipFileJob:33] - 开始打包文件~~~ 
2021-10-06 17:32:01 [INFO] [com.ice.statics.timer.ZipFileJob:37] - 文件打包完成~~~ 
2021-10-06 17:33:31 [INFO] [org.springframework.boot.StartupInfoLogger:48] - Starting App on localhost with PID 16448 (/Users/raines/Desktop/my/intersting/staticResServer/target/classes started by raines in /Users/raines/Desktop/my/intersting/staticResServer) 
2021-10-06 17:33:31 [INFO] [org.springframework.boot.SpringApplication:637] - No active profile set, falling back to default profiles: default 
2021-10-06 17:33:33 [INFO] [com.ice.statics.runner.ZipFileRunner:26] - 文件打包定时任务启动~~~ 
2021-10-06 17:33:33 [INFO] [org.springframework.boot.StartupInfoLogger:57] - Started App in 2.2 seconds (JVM running for 2.745) 
2021-10-06 17:34:01 [INFO] [com.ice.statics.timer.ZipFileJob:33] - 开始打包文件~~~ 
